0 info it worked if it ends with ok
1 verbose cli [ 'node', '/usr/local/bin/npm', 'run', 'pretest' ]
2 info using npm@1.4.28
3 info using node@v0.10.35
4 verbose run-script [ 'pretest' ]
5 info pretest swagger-docs@0.0.0
6 verbose unsafe-perm in lifecycle true
7 info swagger-docs@0.0.0 Failed to exec pretest script
8 error swagger-docs@0.0.0 pretest: `jshint .`
8 error Exit status 2
9 error Failed at the swagger-docs@0.0.0 pretest script.
9 error This is most likely a problem with the swagger-docs package,
9 error not with npm itself.
9 error Tell the author that this fails on your system:
9 error     jshint .
9 error You can get their info via:
9 error     npm owner ls swagger-docs
9 error There is likely additional logging output above.
10 error System Darwin 14.3.0
11 error command "node" "/usr/local/bin/npm" "run" "pretest"
12 error cwd /Users/mohsen/apigee/swagger-docs
13 error node -v v0.10.35
14 error npm -v 1.4.28
15 error code ELIFECYCLE
16 verbose exit [ 1, true ]
